<?xml version="1.0" encoding="UTF-8"?>
<!-- Generated by org.testng.reporters.JUnitReportReporter -->
<testsuite skipped="0" hostname="DESKTOP-1GS0JJJ" name="sample1.Sample1" tests="1" failures="0" timestamp="01 Sep 2018 16:02:44 GMT" time="14.470" errors="0">
  <testcase name="login" time="14.470" classname="sample1.Sample1"/>
</testsuite> <!-- sample1.Sample1 -->
